[
  {
    "line": 2,
    "elements": [
      {
        "start_timestamp": "2021-06-21T15:46:43.130Z",
        "before": [
          {
            "result": {
              "duration": 14313818700,
              "status": "passed"
            },
            "match": {
              "location": "stepdefs.Hooks.setUp(io.cucumber.java.Scenario)"
            }
          }
        ],
        "line": 12,
        "name": "User is able to select the quantity and add to cart from Product details page",
        "description": "",
        "id": "product-details;user-is-able-to-select-the-quantity-and-add-to-cart-from-product-details-page",
        "after": [
          {
            "result": {
              "error_message": "java.lang.NullPointerException: Cannot invoke \"org.openqa.selenium.TakesScreenshot.getScreenshotAs(org.openqa.selenium.OutputType)\" because \"scrnShot\" is null\r\n\tat stepdefs.Hooks.takeScreenShot(Hooks.java:44)\r\n",
              "duration": 8000500,
              "status": "failed"
            },
            "match": {
              "location": "stepdefs.Hooks.takeScreenShot(io.cucumber.java.Scenario)"
            }
          },
          {
            "result": {
              "error_message": "java.lang.NullPointerException: Cannot invoke \"org.openqa.selenium.WebDriver.quit()\" because \"core.windowshandler.driver\" is null\r\n\tat core.windowshandler.quitDriver(windowshandler.java:40)\r\n\tat stepdefs.Hooks.cleanUp(Hooks.java:36)\r\n",
              "duration": 15000900,
              "status": "failed"
            },
            "match": {
              "location": "stepdefs.Hooks.cleanUp(io.cucumber.java.Scenario)"
            }
          }
        ],
        "type": "scenario",
        "keyword": "Scenario",
        "steps": [
          {
            "result": {
              "duration": 14963855800,
              "status": "passed"
            },
            "line": 13,
            "name": "User is on the product details page",
            "match": {
              "location": "stepdefs.stepdefs.user_is_on_the_product_details_page()"
            },
            "keyword": "Given "
          },
          {
            "result": {
              "duration": 7983456600,
              "status": "passed"
            },
            "line": 14,
            "name": "User selects the product quantity as 2",
            "match": {
              "location": "stepdefs.stepdefs.user_selects_the_product_quantity_as_2()"
            },
            "keyword": "When "
          },
          {
            "result": {
              "error_message": "org.openqa.selenium.ElementClickInterceptedException: element click intercepted: Element \u003cspan class\u003d\"nav-cart-icon nav-sprite\"\u003e\u003c/span\u003e is not clickable at point (1182, 30). Other element would receive the click: \u003cspan id\u003d\"nav-cart-count\" aria-hidden\u003d\"true\" class\u003d\"nav-cart-count nav-cart-1 nav-progressive-attribute nav-progressive-content\"\u003e...\u003c/span\u003e\n  (Session info: chrome\u003d91.0.4472.77)\nBuild info: version: \u00273.141.59\u0027, revision: \u0027e82be7d358\u0027, time: \u00272018-11-14T08:17:03\u0027\nSystem info: host: \u0027HP-HP\u0027, ip: \u0027192.168.43.12\u0027, os.name: \u0027Windows 7\u0027, os.arch: \u0027amd64\u0027, os.version: \u00276.1\u0027, java.version: \u002716\u0027\nDriver info: org.openqa.selenium.chrome.ChromeDriver\nCapabilities {acceptInsecureCerts: false, browserName: chrome, browserVersion: 91.0.4472.77, chrome: {chromedriverVersion: 91.0.4472.19 (1bf021f248676..., userDataDir: C:\\Users\\hp\\AppData\\Local\\T...}, goog:chromeOptions: {debuggerAddress: localhost:60713}, javascriptEnabled: true, networkConnectionEnabled: false, pageLoadStrategy: normal, platform: WINDOWS, platformName: WINDOWS, proxy: Proxy(), setWindowRect: true, strictFileInteractability: false, timeouts: {implicit: 0, pageLoad: 300000, script: 30000}, unhandledPromptBehavior: dismiss and notify, webauthn:extension:largeBlob: true, webauthn:virtualAuthenticators: true}\nSession ID: 83c999e18216ecb64202285a7d1f26b6\r\n\tat java.base/jdk.internal.reflect.NativeConstructorAccessorImpl.newInstance0(Native Method)\r\n\tat java.base/jdk.internal.reflect.NativeConstructorAccessorImpl.newInstance(NativeConstructorAccessorImpl.java:78)\r\n\tat java.base/jdk.internal.reflect.DelegatingConstructorAccessorImpl.newInstance(DelegatingConstructorAccessorImpl.java:45)\r\n\tat java.base/java.lang.reflect.Constructor.newInstanceWithCaller(Constructor.java:499)\r\n\tat java.base/java.lang.reflect.Constructor.newInstance(Constructor.java:480)\r\n\tat org.openqa.selenium.remote.http.W3CHttpResponseCodec.createException(W3CHttpResponseCodec.java:187)\r\n\tat org.openqa.selenium.remote.http.W3CHttpResponseCodec.decode(W3CHttpResponseCodec.java:122)\r\n\tat org.openqa.selenium.remote.http.W3CHttpResponseCodec.decode(W3CHttpResponseCodec.java:49)\r\n\tat org.openqa.selenium.remote.HttpCommandExecutor.execute(HttpCommandExecutor.java:158)\r\n\tat org.openqa.selenium.remote.service.DriverCommandExecutor.execute(DriverCommandExecutor.java:83)\r\n\tat org.openqa.selenium.remote.RemoteWebDriver.execute(RemoteWebDriver.java:552)\r\n\tat org.openqa.selenium.remote.RemoteWebElement.execute(RemoteWebElement.java:285)\r\n\tat org.openqa.selenium.remote.RemoteWebElement.click(RemoteWebElement.java:84)\r\n\tat pageobjects.cartdetailspageobject.clickonaddtocart(cartdetailspageobject.java:37)\r\n\tat stepdefs.stepdefs.user_clicks_add_to_cart_on_the_page_on_product_details_page(stepdefs.java:60)\r\n\tat âœ½.User clicks add to cart on the page on product details page(file:///C:/Users/hp/IdeaProjects/Project-E-commerce-Demo/src/test/resources/Feature/Product_details.feature:15)\r\n",
              "duration": 11575662100,
              "status": "failed"
            },
            "line": 15,
            "name": "User clicks add to cart on the page on product details page",
            "match": {
              "location": "stepdefs.stepdefs.user_clicks_add_to_cart_on_the_page_on_product_details_page()"
            },
            "keyword": "And "
          },
          {
            "result": {
              "status": "skipped"
            },
            "line": 16,
            "name": "Product is added to the cart",
            "match": {
              "location": "stepdefs.stepdefs.product_is_added_to_the_cart()"
            },
            "keyword": "Then "
          }
        ],
        "tags": [
          {
            "name": "@product_details"
          }
        ]
      }
    ],
    "name": "Product Details",
    "description": "",
    "id": "product-details",
    "keyword": "Feature",
    "uri": "file:src/test/resources/Feature/Product_details.feature",
    "tags": []
  }
]